/*C10*/SET SCHEMA PUBLIC
SET DATABASE REFERENTIAL INTEGRITY FALSE
DELETE FROM LEAVE_APPLICATIONS WHERE LEAVE_APPLICATION_ID='02e2f9e9-b2f4-4686-a6ba-03a51cbf9fe9'
DELETE FROM LEAVE_APPLICATIONS WHERE LEAVE_APPLICATION_ID='051c35b2-3257-4e52-94d3-c47247f4c7df'
DELETE FROM LEAVE_APPLICATIONS WHERE LEAVE_APPLICATION_ID='5d46f55c-d8dc-475b-913a-2c480281ccdc'
DELETE FROM LEAVE_APPLICATIONS WHERE LEAVE_APPLICATION_ID='779a9513-18ad-4165-97dd-604229cb6b1f'
DELETE FROM LEAVE_APPLICATIONS WHERE LEAVE_APPLICATION_ID='87e8fe72-1f15-4e77-a582-f54937fc6fa5'
DELETE FROM LEAVE_APPLICATIONS WHERE LEAVE_APPLICATION_ID='97487b1a-6890-4505-b294-fc0ade62f4f3'
DELETE FROM LEAVE_APPLICATIONS WHERE LEAVE_APPLICATION_ID='aebb940b-3f66-455f-b65d-e4c0718d67b6'
DELETE FROM LEAVE_APPLICATIONS WHERE LEAVE_APPLICATION_ID='c992ab8f-88d3-440a-8a3c-accc7c9f9590'
DELETE FROM LEAVE_APPLICATIONS WHERE LEAVE_APPLICATION_ID='f8376730-92f3-4da2-b605-b22fb305f11d'
COMMIT
DELETE FROM EMPLOYEES WHERE EMPLOYEE_ID=1
DELETE FROM EMPLOYEES WHERE EMPLOYEE_ID=2
DELETE FROM EMPLOYEES WHERE EMPLOYEE_ID=3
COMMIT
INSERT INTO EMPLOYEES VALUES(1,11,11,1)
COMMIT
INSERT INTO EMPLOYEES VALUES(2,12,12,1)
COMMIT
INSERT INTO EMPLOYEES VALUES(3,13,13,2)
COMMIT
INSERT INTO LEAVE_APPLICATIONS VALUES('5d46f55c-d8dc-475b-913a-2c480281ccdc',1,1,'VL','2015-09-01','2015-09-04','PENDING')
COMMIT
INSERT INTO LEAVE_APPLICATIONS VALUES('779a9513-18ad-4165-97dd-604229cb6b1f',1,1,'SL','2015-09-01','2015-09-04','PENDING')
COMMIT
INSERT INTO LEAVE_APPLICATIONS VALUES('87e8fe72-1f15-4e77-a582-f54937fc6fa5',3,2,'VL','2015-09-01','2015-09-04','PENDING')
COMMIT
INSERT INTO LEAVE_APPLICATIONS VALUES('c992ab8f-88d3-440a-8a3c-accc7c9f9590',3,2,'SL','2015-09-01','2015-09-04','PENDING')
COMMIT
INSERT INTO LEAVE_APPLICATIONS VALUES('aebb940b-3f66-455f-b65d-e4c0718d67b6',2,1,'SL','2015-09-01','2015-09-04','PENDING')
COMMIT
INSERT INTO LEAVE_APPLICATIONS VALUES('051c35b2-3257-4e52-94d3-c47247f4c7df',3,2,'VL','2015-09-01','2015-09-04','APPROVED')
COMMIT
INSERT INTO LEAVE_APPLICATIONS VALUES('97487b1a-6890-4505-b294-fc0ade62f4f3',2,1,'VL','2015-09-01','2015-09-04','DISAPPROVED')
COMMIT
INSERT INTO LEAVE_APPLICATIONS VALUES('02e2f9e9-b2f4-4686-a6ba-03a51cbf9fe9',2,1,'VL','2015-09-01','2015-09-04','CANCELED')
COMMIT
DISCONNECT
/*C11*/SET SCHEMA PUBLIC
DISCONNECT
/*C12*/SET SCHEMA PUBLIC
SET DATABASE REFERENTIAL INTEGRITY FALSE
DELETE FROM LEAVE_APPLICATIONS WHERE LEAVE_APPLICATION_ID='02e2f9e9-b2f4-4686-a6ba-03a51cbf9fe9'
DELETE FROM LEAVE_APPLICATIONS WHERE LEAVE_APPLICATION_ID='051c35b2-3257-4e52-94d3-c47247f4c7df'
DELETE FROM LEAVE_APPLICATIONS WHERE LEAVE_APPLICATION_ID='5d46f55c-d8dc-475b-913a-2c480281ccdc'
DELETE FROM LEAVE_APPLICATIONS WHERE LEAVE_APPLICATION_ID='779a9513-18ad-4165-97dd-604229cb6b1f'
DELETE FROM LEAVE_APPLICATIONS WHERE LEAVE_APPLICATION_ID='87e8fe72-1f15-4e77-a582-f54937fc6fa5'
DELETE FROM LEAVE_APPLICATIONS WHERE LEAVE_APPLICATION_ID='97487b1a-6890-4505-b294-fc0ade62f4f3'
DELETE FROM LEAVE_APPLICATIONS WHERE LEAVE_APPLICATION_ID='aebb940b-3f66-455f-b65d-e4c0718d67b6'
DELETE FROM LEAVE_APPLICATIONS WHERE LEAVE_APPLICATION_ID='c992ab8f-88d3-440a-8a3c-accc7c9f9590'
COMMIT
DELETE FROM EMPLOYEES WHERE EMPLOYEE_ID=1
DELETE FROM EMPLOYEES WHERE EMPLOYEE_ID=2
DELETE FROM EMPLOYEES WHERE EMPLOYEE_ID=3
COMMIT
INSERT INTO EMPLOYEES VALUES(1,11,11,1)
COMMIT
INSERT INTO EMPLOYEES VALUES(2,12,12,1)
COMMIT
INSERT INTO EMPLOYEES VALUES(3,13,13,2)
COMMIT
INSERT INTO LEAVE_APPLICATIONS VALUES('5d46f55c-d8dc-475b-913a-2c480281ccdc',1,1,'VL','2015-09-01','2015-09-04','PENDING')
COMMIT
INSERT INTO LEAVE_APPLICATIONS VALUES('779a9513-18ad-4165-97dd-604229cb6b1f',1,1,'SL','2015-09-01','2015-09-04','PENDING')
COMMIT
INSERT INTO LEAVE_APPLICATIONS VALUES('87e8fe72-1f15-4e77-a582-f54937fc6fa5',3,2,'VL','2015-09-01','2015-09-04','PENDING')
COMMIT
INSERT INTO LEAVE_APPLICATIONS VALUES('c992ab8f-88d3-440a-8a3c-accc7c9f9590',3,2,'SL','2015-09-01','2015-09-04','PENDING')
COMMIT
INSERT INTO LEAVE_APPLICATIONS VALUES('aebb940b-3f66-455f-b65d-e4c0718d67b6',2,1,'SL','2015-09-01','2015-09-04','PENDING')
COMMIT
INSERT INTO LEAVE_APPLICATIONS VALUES('051c35b2-3257-4e52-94d3-c47247f4c7df',3,2,'VL','2015-09-01','2015-09-04','APPROVED')
COMMIT
INSERT INTO LEAVE_APPLICATIONS VALUES('97487b1a-6890-4505-b294-fc0ade62f4f3',2,1,'VL','2015-09-01','2015-09-04','DISAPPROVED')
COMMIT
INSERT INTO LEAVE_APPLICATIONS VALUES('02e2f9e9-b2f4-4686-a6ba-03a51cbf9fe9',2,1,'VL','2015-09-01','2015-09-04','CANCELED')
COMMIT
DISCONNECT
/*C13*/SET SCHEMA PUBLIC
DISCONNECT
/*C14*/SET SCHEMA PUBLIC
SET DATABASE REFERENTIAL INTEGRITY FALSE
DELETE FROM LEAVE_APPLICATIONS WHERE LEAVE_APPLICATION_ID='02e2f9e9-b2f4-4686-a6ba-03a51cbf9fe9'
DELETE FROM LEAVE_APPLICATIONS WHERE LEAVE_APPLICATION_ID='051c35b2-3257-4e52-94d3-c47247f4c7df'
DELETE FROM LEAVE_APPLICATIONS WHERE LEAVE_APPLICATION_ID='5d46f55c-d8dc-475b-913a-2c480281ccdc'
DELETE FROM LEAVE_APPLICATIONS WHERE LEAVE_APPLICATION_ID='779a9513-18ad-4165-97dd-604229cb6b1f'
DELETE FROM LEAVE_APPLICATIONS WHERE LEAVE_APPLICATION_ID='87e8fe72-1f15-4e77-a582-f54937fc6fa5'
DELETE FROM LEAVE_APPLICATIONS WHERE LEAVE_APPLICATION_ID='97487b1a-6890-4505-b294-fc0ade62f4f3'
DELETE FROM LEAVE_APPLICATIONS WHERE LEAVE_APPLICATION_ID='aebb940b-3f66-455f-b65d-e4c0718d67b6'
DELETE FROM LEAVE_APPLICATIONS WHERE LEAVE_APPLICATION_ID='c992ab8f-88d3-440a-8a3c-accc7c9f9590'
COMMIT
DELETE FROM EMPLOYEES WHERE EMPLOYEE_ID=1
DELETE FROM EMPLOYEES WHERE EMPLOYEE_ID=2
DELETE FROM EMPLOYEES WHERE EMPLOYEE_ID=3
COMMIT
INSERT INTO EMPLOYEES VALUES(1,11,11,1)
COMMIT
INSERT INTO EMPLOYEES VALUES(2,12,12,1)
COMMIT
INSERT INTO EMPLOYEES VALUES(3,13,13,2)
COMMIT
INSERT INTO LEAVE_APPLICATIONS VALUES('5d46f55c-d8dc-475b-913a-2c480281ccdc',1,1,'VL','2015-09-01','2015-09-04','PENDING')
COMMIT
INSERT INTO LEAVE_APPLICATIONS VALUES('779a9513-18ad-4165-97dd-604229cb6b1f',1,1,'SL','2015-09-01','2015-09-04','PENDING')
COMMIT
INSERT INTO LEAVE_APPLICATIONS VALUES('87e8fe72-1f15-4e77-a582-f54937fc6fa5',3,2,'VL','2015-09-01','2015-09-04','PENDING')
COMMIT
INSERT INTO LEAVE_APPLICATIONS VALUES('c992ab8f-88d3-440a-8a3c-accc7c9f9590',3,2,'SL','2015-09-01','2015-09-04','PENDING')
COMMIT
INSERT INTO LEAVE_APPLICATIONS VALUES('aebb940b-3f66-455f-b65d-e4c0718d67b6',2,1,'SL','2015-09-01','2015-09-04','PENDING')
COMMIT
INSERT INTO LEAVE_APPLICATIONS VALUES('051c35b2-3257-4e52-94d3-c47247f4c7df',3,2,'VL','2015-09-01','2015-09-04','APPROVED')
COMMIT
INSERT INTO LEAVE_APPLICATIONS VALUES('97487b1a-6890-4505-b294-fc0ade62f4f3',2,1,'VL','2015-09-01','2015-09-04','DISAPPROVED')
COMMIT
INSERT INTO LEAVE_APPLICATIONS VALUES('02e2f9e9-b2f4-4686-a6ba-03a51cbf9fe9',2,1,'VL','2015-09-01','2015-09-04','CANCELED')
COMMIT
DISCONNECT
/*C15*/SET SCHEMA PUBLIC
DISCONNECT
/*C16*/SET SCHEMA PUBLIC
SET DATABASE REFERENTIAL INTEGRITY FALSE
DELETE FROM LEAVE_APPLICATIONS WHERE LEAVE_APPLICATION_ID='02e2f9e9-b2f4-4686-a6ba-03a51cbf9fe9'
DELETE FROM LEAVE_APPLICATIONS WHERE LEAVE_APPLICATION_ID='051c35b2-3257-4e52-94d3-c47247f4c7df'
DELETE FROM LEAVE_APPLICATIONS WHERE LEAVE_APPLICATION_ID='5d46f55c-d8dc-475b-913a-2c480281ccdc'
DELETE FROM LEAVE_APPLICATIONS WHERE LEAVE_APPLICATION_ID='779a9513-18ad-4165-97dd-604229cb6b1f'
DELETE FROM LEAVE_APPLICATIONS WHERE LEAVE_APPLICATION_ID='87e8fe72-1f15-4e77-a582-f54937fc6fa5'
DELETE FROM LEAVE_APPLICATIONS WHERE LEAVE_APPLICATION_ID='97487b1a-6890-4505-b294-fc0ade62f4f3'
DELETE FROM LEAVE_APPLICATIONS WHERE LEAVE_APPLICATION_ID='aebb940b-3f66-455f-b65d-e4c0718d67b6'
DELETE FROM LEAVE_APPLICATIONS WHERE LEAVE_APPLICATION_ID='c992ab8f-88d3-440a-8a3c-accc7c9f9590'
COMMIT
DELETE FROM EMPLOYEES WHERE EMPLOYEE_ID=1
DELETE FROM EMPLOYEES WHERE EMPLOYEE_ID=2
DELETE FROM EMPLOYEES WHERE EMPLOYEE_ID=3
COMMIT
INSERT INTO EMPLOYEES VALUES(1,11,11,1)
COMMIT
INSERT INTO EMPLOYEES VALUES(2,12,12,1)
COMMIT
INSERT INTO EMPLOYEES VALUES(3,13,13,2)
COMMIT
INSERT INTO LEAVE_APPLICATIONS VALUES('5d46f55c-d8dc-475b-913a-2c480281ccdc',1,1,'VL','2015-09-01','2015-09-04','PENDING')
COMMIT
INSERT INTO LEAVE_APPLICATIONS VALUES('779a9513-18ad-4165-97dd-604229cb6b1f',1,1,'SL','2015-09-01','2015-09-04','PENDING')
COMMIT
INSERT INTO LEAVE_APPLICATIONS VALUES('87e8fe72-1f15-4e77-a582-f54937fc6fa5',3,2,'VL','2015-09-01','2015-09-04','PENDING')
COMMIT
INSERT INTO LEAVE_APPLICATIONS VALUES('c992ab8f-88d3-440a-8a3c-accc7c9f9590',3,2,'SL','2015-09-01','2015-09-04','PENDING')
COMMIT
INSERT INTO LEAVE_APPLICATIONS VALUES('aebb940b-3f66-455f-b65d-e4c0718d67b6',2,1,'SL','2015-09-01','2015-09-04','PENDING')
COMMIT
INSERT INTO LEAVE_APPLICATIONS VALUES('051c35b2-3257-4e52-94d3-c47247f4c7df',3,2,'VL','2015-09-01','2015-09-04','APPROVED')
COMMIT
INSERT INTO LEAVE_APPLICATIONS VALUES('97487b1a-6890-4505-b294-fc0ade62f4f3',2,1,'VL','2015-09-01','2015-09-04','DISAPPROVED')
COMMIT
INSERT INTO LEAVE_APPLICATIONS VALUES('02e2f9e9-b2f4-4686-a6ba-03a51cbf9fe9',2,1,'VL','2015-09-01','2015-09-04','CANCELED')
COMMIT
DISCONNECT
/*C17*/SET SCHEMA PUBLIC
INSERT INTO LEAVE_APPLICATIONS VALUES('f8376730-92f3-4da2-b605-b22fb305f11d',1,1,'VL','2015-09-01','2015-09-04','PENDING')
COMMIT
DISCONNECT
